
Showing logs for build [32mcb-kubecd-environment-pr-200-29-kvrnm-1[0m stage [32mfrom-build-pack[0m and container [32mstep-credential-initializer-74gs6[0m
{"level":"warn","ts":1586942160.1605525,"logger":"fallback-logger","caller":"logging/config.go:69","msg":"Fetch GitHub commit ID from kodata failed: \"ref: refs/heads/0.8.0-**-support-backwards-incompats\" is not a valid GitHub commit ID"}
{"level":"info","ts":1586942160.1622684,"logger":"fallback-logger","caller":"creds-init/main.go:40","msg":"Credentials initialized."}

Showing logs for build [32mcb-kubecd-environment-pr-200-29-kvrnm-1[0m stage [32mfrom-build-pack[0m and container [32mstep-working-dir-initializer-rnxk5[0m
{"level":"warn","ts":1586942161.1895087,"logger":"fallback-logger","caller":"logging/config.go:69","msg":"Fetch GitHub commit ID from kodata failed: open /var/run/ko/HEAD: no such file or directory"}
{"level":"info","ts":1586942161.1910417,"logger":"fallback-logger","caller":"bash/main.go:64","msg":"Successfully executed command \"sh -c mkdir -p /workspace/source\"; output "}

Showing logs for build [32mcb-kubecd-environment-pr-200-29-kvrnm-1[0m stage [32mfrom-build-pack[0m and container [32mstep-place-tools[0m

Showing logs for build [32mcb-kubecd-environment-pr-200-29-kvrnm-1[0m stage [32mfrom-build-pack[0m and container [32mstep-git-source-cb-kubecd-environment-pr-200-29-kvrnm-7fxrq[0m
{"level":"warn","ts":1586942164.2210016,"logger":"fallback-logger","caller":"logging/config.go:69","msg":"Fetch GitHub commit ID from kodata failed: \"ref: refs/heads/0.8.0-**-support-backwards-incompats\" is not a valid GitHub commit ID"}
{"level":"info","ts":1586942165.2939203,"logger":"fallback-logger","caller":"git/git.go:103","msg":"Successfully cloned https://github.com/cb-kubecd/environment-pr-200-29-boot-gke-staging.git @ master in path /workspace/source"}

Showing logs for build [32mcb-kubecd-environment-pr-200-29-kvrnm-1[0m stage [32mfrom-build-pack[0m and container [32mstep-git-merge[0m
Using SHAs from PULL_REFS=master:f9d394d093a86fbe88dffb4d1a9312051c58d752,4:fd61234a8ccb1e25979f5af2c918f18ab28cafe4
DEBUG: LC_ALL=C JX_LOG_LEVEL=error git fetch origin --unshallow fd61234a8ccb1e25979f5af2c918f18ab28cafe4: f9d394d093a86fbe88dffb4d1a9312051c58d752:
DEBUG: ran git fetch --unshallow origin fd61234a8ccb1e25979f5af2c918f18ab28cafe4: f9d394d093a86fbe88dffb4d1a9312051c58d752: in 
DEBUG: LC_ALL=C JX_LOG_LEVEL=error git branch
DEBUG: LC_ALL=C JX_LOG_LEVEL=error git checkout master
DEBUG: ran git checkout master in 
DEBUG: LC_ALL=C JX_LOG_LEVEL=error git reset --hard f9d394d093a86fbe88dffb4d1a9312051c58d752
DEBUG: ran git reset --hard f9d394d093a86fbe88dffb4d1a9312051c58d752 in 
DEBUG: LC_ALL=C JX_LOG_LEVEL=error git clean -fd .
DEBUG: ran clean --force -d . in 
DEBUG: LC_ALL=C JX_LOG_LEVEL=error git merge fd61234a8ccb1e25979f5af2c918f18ab28cafe4
DEBUG: ran git merge fd61234a8ccb1e25979f5af2c918f18ab28cafe4 in 
DEBUG: LC_ALL=C JX_LOG_LEVEL=error git log --format=%H%x1f%an%x1f%ae%x1f%cn%x1f%ce%x1f%s%n%b%x1e f9d394d093a86fbe88dffb4d1a9312051c58d752..HEAD
Merged SHA fd61234a8ccb1e25979f5af2c918f18ab28cafe4 with commit message 'chore: Promote bdd-sbhg-1586940440 to version 0.0.1' into base branch master

Showing logs for build [32mcb-kubecd-environment-pr-200-29-kvrnm-1[0m stage [32mfrom-build-pack[0m and container [32mstep-build-helm-build[0m
WARNING: No $CHART_REPOSITORY defined so using the default value of: http://jenkins-x-chartmuseum:8080
Adding missing Helm repo: storage.googleapis.com https://storage.googleapis.com/chartmuseum.jenkins-x.io
WARNING: No secrets found on "helm/repos" due: reading the secret "helm/repos" from vault: no secret "helm/repos" not found in vault
Read credentials for https://storage.googleapis.com/chartmuseum.jenkins-x.io from vault helm/repos
Successfully added Helm repository storage.googleapis.com.
Adding missing Helm repo: jenkins-x-chartmuseum http://jenkins-x-chartmuseum:8080
WARNING: No secrets found on "helm/repos" due: reading the secret "helm/repos" from vault: no secret "helm/repos" not found in vault
Read credentials for http://jenkins-x-chartmuseum:8080 from vault helm/repos
Successfully added Helm repository jenkins-x-chartmuseum.
WARNING: No $CHART_REPOSITORY defined so using the default value of: http://jenkins-x-chartmuseum:8080
Adding missing Helm repo: chartmuseum.jenkins-x.io http://chartmuseum.jenkins-x.io
WARNING: No secrets found on "helm/repos" due: reading the secret "helm/repos" from vault: no secret "helm/repos" not found in vault
Read credentials for http://chartmuseum.jenkins-x.io from vault helm/repos
Successfully added Helm repository chartmuseum.jenkins-x.io.
