
Showing logs for build [32mcb-kubecd-environment-pr-200-29-mmb26-1[0m stage [32mfrom-build-pack[0m and container [32mstep-credential-initializer-5wsmh[0m
{"level":"warn","ts":1586943753.7655232,"logger":"fallback-logger","caller":"logging/config.go:69","msg":"Fetch GitHub commit ID from kodata failed: \"ref: refs/heads/0.8.0-**-support-backwards-incompats\" is not a valid GitHub commit ID"}
{"level":"info","ts":1586943753.7661521,"logger":"fallback-logger","caller":"creds-init/main.go:40","msg":"Credentials initialized."}

Showing logs for build [32mcb-kubecd-environment-pr-200-29-mmb26-1[0m stage [32mfrom-build-pack[0m and container [32mstep-working-dir-initializer-gwpp4[0m
{"level":"warn","ts":1586943754.8086288,"logger":"fallback-logger","caller":"logging/config.go:69","msg":"Fetch GitHub commit ID from kodata failed: open /var/run/ko/HEAD: no such file or directory"}
{"level":"info","ts":1586943754.8099735,"logger":"fallback-logger","caller":"bash/main.go:64","msg":"Successfully executed command \"sh -c mkdir -p /workspace/source\"; output "}

Showing logs for build [32mcb-kubecd-environment-pr-200-29-mmb26-1[0m stage [32mfrom-build-pack[0m and container [32mstep-place-tools[0m

Showing logs for build [32mcb-kubecd-environment-pr-200-29-mmb26-1[0m stage [32mfrom-build-pack[0m and container [32mstep-git-source-cb-kubecd-environment-pr-200-29-mmb26-w7k6f[0m
{"level":"warn","ts":1586943760.0707006,"logger":"fallback-logger","caller":"logging/config.go:69","msg":"Fetch GitHub commit ID from kodata failed: \"ref: refs/heads/0.8.0-**-support-backwards-incompats\" is not a valid GitHub commit ID"}
{"level":"info","ts":1586943761.1371489,"logger":"fallback-logger","caller":"git/git.go:103","msg":"Successfully cloned https://github.com/cb-kubecd/environment-pr-200-29-boot-gke-staging.git @ master in path /workspace/source"}

Showing logs for build [32mcb-kubecd-environment-pr-200-29-mmb26-1[0m stage [32mfrom-build-pack[0m and container [32mstep-git-merge[0m
Using SHAs from PULL_REFS=master:4f023b0ff43fecb5124130b0dc388b28936ac41d,6:7651e1c10b529e70c820b26c1b1262cb04ec85d5
DEBUG: LC_ALL=C JX_LOG_LEVEL=error git fetch origin --unshallow 7651e1c10b529e70c820b26c1b1262cb04ec85d5: 4f023b0ff43fecb5124130b0dc388b28936ac41d:
DEBUG: ran git fetch --unshallow origin 7651e1c10b529e70c820b26c1b1262cb04ec85d5: 4f023b0ff43fecb5124130b0dc388b28936ac41d: in 
DEBUG: LC_ALL=C JX_LOG_LEVEL=error git branch
DEBUG: LC_ALL=C JX_LOG_LEVEL=error git checkout master
DEBUG: ran git checkout master in 
DEBUG: LC_ALL=C JX_LOG_LEVEL=error git reset --hard 4f023b0ff43fecb5124130b0dc388b28936ac41d
DEBUG: ran git reset --hard 4f023b0ff43fecb5124130b0dc388b28936ac41d in 
DEBUG: LC_ALL=C JX_LOG_LEVEL=error git clean -fd .
DEBUG: ran clean --force -d . in 
DEBUG: LC_ALL=C JX_LOG_LEVEL=error git merge 7651e1c10b529e70c820b26c1b1262cb04ec85d5
DEBUG: ran git merge 7651e1c10b529e70c820b26c1b1262cb04ec85d5 in 
DEBUG: LC_ALL=C JX_LOG_LEVEL=error git log --format=%H%x1f%an%x1f%ae%x1f%cn%x1f%ce%x1f%s%n%b%x1e 4f023b0ff43fecb5124130b0dc388b28936ac41d..HEAD
Merged SHA 7651e1c10b529e70c820b26c1b1262cb04ec85d5 with commit message 'chore: Promote bdd-sbrp-import-1586942826 to version 0.0.1' into base branch master

Showing logs for build [32mcb-kubecd-environment-pr-200-29-mmb26-1[0m stage [32mfrom-build-pack[0m and container [32mstep-build-helm-build[0m
WARNING: No $CHART_REPOSITORY defined so using the default value of: http://jenkins-x-chartmuseum:8080
Adding missing Helm repo: storage.googleapis.com https://storage.googleapis.com/chartmuseum.jenkins-x.io
WARNING: No secrets found on "helm/repos" due: reading the secret "helm/repos" from vault: no secret "helm/repos" not found in vault
Read credentials for https://storage.googleapis.com/chartmuseum.jenkins-x.io from vault helm/repos
Successfully added Helm repository storage.googleapis.com.
Adding missing Helm repo: jenkins-x-chartmuseum http://jenkins-x-chartmuseum:8080
WARNING: No secrets found on "helm/repos" due: reading the secret "helm/repos" from vault: no secret "helm/repos" not found in vault
Read credentials for http://jenkins-x-chartmuseum:8080 from vault helm/repos
Successfully added Helm repository jenkins-x-chartmuseum.
WARNING: No $CHART_REPOSITORY defined so using the default value of: http://jenkins-x-chartmuseum:8080
Adding missing Helm repo: chartmuseum.jenkins-x.io http://chartmuseum.jenkins-x.io
WARNING: No secrets found on "helm/repos" due: reading the secret "helm/repos" from vault: no secret "helm/repos" not found in vault
Read credentials for http://chartmuseum.jenkins-x.io from vault helm/repos
Successfully added Helm repository chartmuseum.jenkins-x.io.
