
Showing logs for build [32mcb-kubecd-environment-pr-200-29-bmbph-2[0m stage [32mfrom-build-pack[0m and container [32mstep-credential-initializer-44lpb[0m
{"level":"warn","ts":1586941396.7325902,"logger":"fallback-logger","caller":"logging/config.go:69","msg":"Fetch GitHub commit ID from kodata failed: \"ref: refs/heads/0.8.0-**-support-backwards-incompats\" is not a valid GitHub commit ID"}
{"level":"info","ts":1586941396.7336202,"logger":"fallback-logger","caller":"creds-init/main.go:40","msg":"Credentials initialized."}

Showing logs for build [32mcb-kubecd-environment-pr-200-29-bmbph-2[0m stage [32mfrom-build-pack[0m and container [32mstep-working-dir-initializer-lvd27[0m
{"level":"warn","ts":1586941398.1028488,"logger":"fallback-logger","caller":"logging/config.go:69","msg":"Fetch GitHub commit ID from kodata failed: open /var/run/ko/HEAD: no such file or directory"}
{"level":"info","ts":1586941398.1048844,"logger":"fallback-logger","caller":"bash/main.go:64","msg":"Successfully executed command \"sh -c mkdir -p /workspace/source\"; output "}

Showing logs for build [32mcb-kubecd-environment-pr-200-29-bmbph-2[0m stage [32mfrom-build-pack[0m and container [32mstep-place-tools[0m

Showing logs for build [32mcb-kubecd-environment-pr-200-29-bmbph-2[0m stage [32mfrom-build-pack[0m and container [32mstep-git-source-cb-kubecd-environment-pr-200-29-bmbph-qg9wh[0m
{"level":"warn","ts":1586941401.279985,"logger":"fallback-logger","caller":"logging/config.go:69","msg":"Fetch GitHub commit ID from kodata failed: \"ref: refs/heads/0.8.0-**-support-backwards-incompats\" is not a valid GitHub commit ID"}
{"level":"info","ts":1586941402.3416848,"logger":"fallback-logger","caller":"git/git.go:103","msg":"Successfully cloned https://github.com/cb-kubecd/environment-pr-200-29-boot-gke-staging.git @ master in path /workspace/source"}

Showing logs for build [32mcb-kubecd-environment-pr-200-29-bmbph-2[0m stage [32mfrom-build-pack[0m and container [32mstep-git-merge[0m
Using SHAs from PULL_REFS=master:7214f6c8d08d7f3c7f990be23af184eedad9b237,3:3ef6cd5d6202a1c1e6ced418d07a2a25d27458bf
DEBUG: LC_ALL=C JX_LOG_LEVEL=error git fetch origin --unshallow 3ef6cd5d6202a1c1e6ced418d07a2a25d27458bf: 7214f6c8d08d7f3c7f990be23af184eedad9b237:
DEBUG: ran git fetch --unshallow origin 3ef6cd5d6202a1c1e6ced418d07a2a25d27458bf: 7214f6c8d08d7f3c7f990be23af184eedad9b237: in 
DEBUG: LC_ALL=C JX_LOG_LEVEL=error git branch
DEBUG: LC_ALL=C JX_LOG_LEVEL=error git checkout master
DEBUG: ran git checkout master in 
DEBUG: LC_ALL=C JX_LOG_LEVEL=error git reset --hard 7214f6c8d08d7f3c7f990be23af184eedad9b237
DEBUG: ran git reset --hard 7214f6c8d08d7f3c7f990be23af184eedad9b237 in 
DEBUG: LC_ALL=C JX_LOG_LEVEL=error git clean -fd .
DEBUG: ran clean --force -d . in 
DEBUG: LC_ALL=C JX_LOG_LEVEL=error git merge 3ef6cd5d6202a1c1e6ced418d07a2a25d27458bf
DEBUG: ran git merge 3ef6cd5d6202a1c1e6ced418d07a2a25d27458bf in 
DEBUG: LC_ALL=C JX_LOG_LEVEL=error git log --format=%H%x1f%an%x1f%ae%x1f%cn%x1f%ce%x1f%s%n%b%x1e 7214f6c8d08d7f3c7f990be23af184eedad9b237..HEAD
Merged SHA 3ef6cd5d6202a1c1e6ced418d07a2a25d27458bf with commit message 'chore: Promote bdd-nh-1586940440 to version 0.0.1' into base branch master

Showing logs for build [32mcb-kubecd-environment-pr-200-29-bmbph-2[0m stage [32mfrom-build-pack[0m and container [32mstep-build-helm-build[0m
WARNING: No $CHART_REPOSITORY defined so using the default value of: http://jenkins-x-chartmuseum:8080
Adding missing Helm repo: storage.googleapis.com https://storage.googleapis.com/chartmuseum.jenkins-x.io
WARNING: No secrets found on "helm/repos" due: reading the secret "helm/repos" from vault: no secret "helm/repos" not found in vault
Read credentials for https://storage.googleapis.com/chartmuseum.jenkins-x.io from vault helm/repos
Successfully added Helm repository storage.googleapis.com.
Adding missing Helm repo: jenkins-x-chartmuseum http://jenkins-x-chartmuseum:8080
WARNING: No secrets found on "helm/repos" due: reading the secret "helm/repos" from vault: no secret "helm/repos" not found in vault
Read credentials for http://jenkins-x-chartmuseum:8080 from vault helm/repos
Successfully added Helm repository jenkins-x-chartmuseum.
WARNING: No $CHART_REPOSITORY defined so using the default value of: http://jenkins-x-chartmuseum:8080
Adding missing Helm repo: chartmuseum.jenkins-x.io http://chartmuseum.jenkins-x.io
WARNING: No secrets found on "helm/repos" due: reading the secret "helm/repos" from vault: no secret "helm/repos" not found in vault
Read credentials for http://chartmuseum.jenkins-x.io from vault helm/repos
Successfully added Helm repository chartmuseum.jenkins-x.io.
